<?xml version="1.0" encoding="UTF-8"?>
<!-- Generated by org.testng.reporters.JUnitXMLReporter -->
<testsuite ignored="0" hostname="cmdb-78844" failures="0" tests="3" name="Command line test" time="3.646" errors="0" timestamp="2022-09-22T01:03:59 MSK">
  <testcase classname="TestPullRequest" name="alsoSomeTest" time="0.004"/>
  <testcase classname="TestPullRequest" name="someTest" time="0.0"/>
  <testcase classname="TypicodeTest" name="apiTest" time="3.603"/>
</testsuite> <!-- Command line test -->
