<?xml version="1.0" encoding="UTF-8"?>
<testng-results ignored="0" total="3" passed="3" failed="0" skipped="0">
  <reporter-output>
  </reporter-output>
  <suite started-at="2022-09-22T01:03:55 MSK" name="Command line suite" finished-at="2022-09-22T01:03:59 MSK" duration-ms="3646">
    <groups>
    </groups>
    <test started-at="2022-09-22T01:03:55 MSK" name="Command line test" finished-at="2022-09-22T01:03:59 MSK" duration-ms="3646">
      <class name="TestPullRequest">
        <test-method signature="alsoSomeTest()[pri:0, instance:TestPullRequest@525f1e4e]" started-at="2022-09-22T01:03:55 MSK" name="alsoSomeTest" finished-at="2022-09-22T01:03:55 MSK" duration-ms="4" status="PASS">
          <reporter-output>
          </reporter-output>
        </test-method> <!-- alsoSomeTest -->
        <test-method signature="someTest()[pri:0, instance:TestPullRequest@525f1e4e]" started-at="2022-09-22T01:03:55 MSK" name="someTest" finished-at="2022-09-22T01:03:55 MSK" duration-ms="0" status="PASS">
          <reporter-output>
          </reporter-output>
        </test-method> <!-- someTest -->
      </class> <!-- TestPullRequest -->
      <class name="TypicodeTest">
        <test-method signature="apiTest()[pri:0, instance:TypicodeTest@7ae42ce3]" started-at="2022-09-22T01:03:55 MSK" name="apiTest" finished-at="2022-09-22T01:03:59 MSK" duration-ms="3603" status="PASS">
          <reporter-output>
          </reporter-output>
        </test-method> <!-- apiTest -->
      </class> <!-- TypicodeTest -->
    </test> <!-- Command line test -->
  </suite> <!-- Command line suite -->
</testng-results>
